2025-09-11 18:30:01.818 INFO  c.k.katalon.core.main.TestSuiteExecutor  - START Test Suites/añadir productos
2025-09-11 18:30:01.924 INFO  c.k.katalon.core.main.TestSuiteExecutor  - userFullName = Luis Torres
2025-09-11 18:30:01.925 INFO  c.k.katalon.core.main.TestSuiteExecutor  - projectName = ejemplo
2025-09-11 18:30:01.926 INFO  c.k.katalon.core.main.TestSuiteExecutor  - hostName = luis.torres - h-laptop-034
2025-09-11 18:30:01.927 INFO  c.k.katalon.core.main.TestSuiteExecutor  - os = Windows 11 64bit
2025-09-11 18:30:01.927 INFO  c.k.katalon.core.main.TestSuiteExecutor  - hostAddress = 192.168.0.104
2025-09-11 18:30:01.927 INFO  c.k.katalon.core.main.TestSuiteExecutor  - katalonVersion = 10.3.1.0
2025-09-11 18:30:02.452 INFO  c.k.katalon.core.main.TestCaseExecutor   - --------------------
2025-09-11 18:30:02.452 INFO  c.k.katalon.core.main.TestCaseExecutor   - START Test Cases/prueba_1/añadir productos
2025-09-11 18:30:02.906 DEBUG testcase.añadir productos                - 1: openBrowser("")
2025-09-11 18:30:03.190 INFO  c.k.k.core.webui.driver.DriverFactory    - Starting 'Chrome' driver
2025-09-11 18:30:03.254 INFO  c.k.k.core.webui.driver.DriverFactory    - Action delay is set to 0 milliseconds
sep. 11, 2025 6:30:04 P. M. org.openqa.selenium.devtools.CdpVersionFinder findNearestMatch
ADVERTENCIA: Unable to find an exact match for CDP version 139, returning the closest version; found: 138; Please update to a Selenium version that supports CDP version 139
2025-09-11 18:30:05.220 INFO  c.k.k.core.webui.driver.DriverFactory    - sessionId = 3635162e19e8fd8eea1bb033219bbd68
2025-09-11 18:30:05.222 INFO  c.k.k.core.webui.driver.DriverFactory    - browser = Chrome 139.0.7258.155
2025-09-11 18:30:05.222 INFO  c.k.k.core.webui.driver.DriverFactory    - platform = Windows 11
2025-09-11 18:30:05.223 INFO  c.k.k.core.webui.driver.DriverFactory    - seleniumVersion = 4.28.1
2025-09-11 18:30:05.232 INFO  c.k.k.core.webui.driver.DriverFactory    - proxyInformation = ProxyInformation { proxyOption=NO_PROXY, proxyServerType=HTTP, username=, password=********, proxyServerAddress=, proxyServerPort=0, executionList="", isApplyToDesiredCapabilities=true }
2025-09-11 18:30:05.292 DEBUG testcase.añadir productos                - 2: navigateToUrl("https://www.demoblaze.com/")
2025-09-11 18:30:06.288 DEBUG testcase.añadir productos                - 3: maximizeWindow()
2025-09-11 18:30:06.390 DEBUG testcase.añadir productos                - 4: waitForElementClickable(findTestObject("Object Repository/Page_STORE/a_CATEGORIES_hrefch"), 10)
2025-09-11 18:30:07.528 DEBUG testcase.añadir productos                - 5: click(findTestObject("Object Repository/Page_STORE/a_CATEGORIES_hrefch"))
2025-09-11 18:30:08.213 DEBUG testcase.añadir productos                - 6: waitForElementClickable(findTestObject("Object Repository/Page_STORE/a_Product description_btn btn-success btn-lg"), 10)
2025-09-11 18:30:09.065 DEBUG testcase.añadir productos                - 7: click(findTestObject("Object Repository/Page_STORE/a_Product description_btn btn-success btn-lg"))
2025-09-11 18:30:09.436 DEBUG testcase.añadir productos                - 8: waitForAlert(10)
2025-09-11 18:30:09.983 DEBUG testcase.añadir productos                - 9: acceptAlert()
2025-09-11 18:30:10.005 DEBUG testcase.añadir productos                - 10: waitForElementClickable(findTestObject("Object Repository/Page_STORE/a_Close_nava"), 10)
2025-09-11 18:30:10.321 DEBUG testcase.añadir productos                - 11: click(findTestObject("Object Repository/Page_STORE/a_Close_nava"))
2025-09-11 18:30:10.844 DEBUG testcase.añadir productos                - 12: waitForElementClickable(findTestObject("Object Repository/Page_STORE/a_360_hrefch"), 10)
2025-09-11 18:30:11.635 DEBUG testcase.añadir productos                - 13: click(findTestObject("Object Repository/Page_STORE/a_360_hrefch"))
2025-09-11 18:30:12.223 DEBUG testcase.añadir productos                - 14: waitForElementClickable(findTestObject("Object Repository/Page_STORE/a_Product description_btn btn-success btn-lg_1"), 10)
2025-09-11 18:30:12.849 DEBUG testcase.añadir productos                - 15: click(findTestObject("Object Repository/Page_STORE/a_Product description_btn btn-success btn-lg_1"))
2025-09-11 18:30:13.177 DEBUG testcase.añadir productos                - 16: waitForAlert(10)
2025-09-11 18:30:13.704 DEBUG testcase.añadir productos                - 17: acceptAlert()
2025-09-11 18:30:13.730 DEBUG testcase.añadir productos                - 18: waitForElementClickable(findTestObject("Object Repository/Page_STORE/a_Close_nava"), 10)
2025-09-11 18:30:14.095 DEBUG testcase.añadir productos                - 19: click(findTestObject("Object Repository/Page_STORE/a_Close_nava"))
2025-09-11 18:30:14.560 DEBUG testcase.añadir productos                - 20: waitForElementClickable(findTestObject("Object Repository/Page_STORE/a_(current)_cartur"), 10)
2025-09-11 18:30:15.272 DEBUG testcase.añadir productos                - 21: click(findTestObject("Object Repository/Page_STORE/a_(current)_cartur"))
2025-09-11 18:30:15.916 DEBUG testcase.añadir productos                - 22: waitForElementClickable(findTestObject("Object Repository/Page_STORE/button_Total_btn btn-success"), 10)
2025-09-11 18:30:17.066 DEBUG testcase.añadir productos                - 23: click(findTestObject("Object Repository/Page_STORE/button_Total_btn btn-success"))
2025-09-11 18:30:17.379 DEBUG testcase.añadir productos                - 24: waitForElementVisible(findTestObject("Object Repository/Page_STORE/input_Name_name"), 10)
2025-09-11 18:30:17.911 DEBUG testcase.añadir productos                - 25: setText(findTestObject("Object Repository/Page_STORE/input_Name_name"), "Luis Torres")
2025-09-11 18:30:18.551 DEBUG testcase.añadir productos                - 26: waitForElementVisible(findTestObject("Object Repository/Page_STORE/input_Country_country"), 10)
2025-09-11 18:30:18.808 DEBUG testcase.añadir productos                - 27: setText(findTestObject("Object Repository/Page_STORE/input_Country_country"), "quito")
2025-09-11 18:30:19.386 DEBUG testcase.añadir productos                - 28: waitForElementVisible(findTestObject("Object Repository/Page_STORE/input_City_city"), 10)
2025-09-11 18:30:19.639 DEBUG testcase.añadir productos                - 29: setText(findTestObject("Object Repository/Page_STORE/input_City_city"), "quito")
2025-09-11 18:30:20.303 DEBUG testcase.añadir productos                - 30: waitForElementVisible(findTestObject("Object Repository/Page_STORE/input_Credit card_card"), 10)
2025-09-11 18:30:20.592 DEBUG testcase.añadir productos                - 31: setText(findTestObject("Object Repository/Page_STORE/input_Credit card_card"), "1234567890")
2025-09-11 18:30:21.258 DEBUG testcase.añadir productos                - 32: waitForElementVisible(findTestObject("Object Repository/Page_STORE/input_Month_month"), 10)
2025-09-11 18:30:21.547 DEBUG testcase.añadir productos                - 33: setText(findTestObject("Object Repository/Page_STORE/input_Month_month"), "septiembre")
2025-09-11 18:30:22.174 DEBUG testcase.añadir productos                - 34: waitForElementVisible(findTestObject("Object Repository/Page_STORE/input_Year_year"), 10)
2025-09-11 18:30:22.417 DEBUG testcase.añadir productos                - 35: setText(findTestObject("Object Repository/Page_STORE/input_Year_year"), "2025")
2025-09-11 18:30:23.094 DEBUG testcase.añadir productos                - 36: waitForElementClickable(findTestObject("Object Repository/Page_STORE/button_Close_btn btn-primary"), 10)
2025-09-11 18:30:23.370 DEBUG testcase.añadir productos                - 37: click(findTestObject("Object Repository/Page_STORE/button_Close_btn btn-primary"))
2025-09-11 18:30:23.770 DEBUG testcase.añadir productos                - 38: waitForElementClickable(findTestObject("Object Repository/Page_STORE/button_Cancel_confirm btn btn-lg btn-primary"), 10)
2025-09-11 18:30:24.381 DEBUG testcase.añadir productos                - 39: click(findTestObject("Object Repository/Page_STORE/button_Cancel_confirm btn btn-lg btn-primary"))
2025-09-11 18:30:25.217 DEBUG testcase.añadir productos                - 40: closeBrowser()
2025-09-11 18:30:25.479 INFO  c.k.katalon.core.main.TestCaseExecutor   - END Test Cases/prueba_1/añadir productos
2025-09-11 18:30:25.535 INFO  c.k.katalon.core.main.TestSuiteExecutor  - --------------------
2025-09-11 18:30:25.536 INFO  c.k.katalon.core.main.TestSuiteExecutor  - END Test Suites/añadir productos
2025-09-11 18:30:25.536 INFO  c.k.katalon.core.main.TestSuiteExecutor  - ====================
