2025-09-11 19:07:10.688 INFO  c.k.katalon.core.main.TestSuiteExecutor  - START Test Suites/añadir productos
2025-09-11 19:07:10.850 INFO  c.k.katalon.core.main.TestSuiteExecutor  - userFullName = Luis Torres
2025-09-11 19:07:10.856 INFO  c.k.katalon.core.main.TestSuiteExecutor  - projectName = ejemplo
2025-09-11 19:07:10.856 INFO  c.k.katalon.core.main.TestSuiteExecutor  - hostName = luis.torres - h-laptop-034
2025-09-11 19:07:10.858 INFO  c.k.katalon.core.main.TestSuiteExecutor  - os = Windows 11 64bit
2025-09-11 19:07:10.858 INFO  c.k.katalon.core.main.TestSuiteExecutor  - hostAddress = 192.168.18.7
2025-09-11 19:07:10.860 INFO  c.k.katalon.core.main.TestSuiteExecutor  - katalonVersion = 10.3.1.0
2025-09-11 19:07:11.756 INFO  c.k.katalon.core.main.TestCaseExecutor   - --------------------
2025-09-11 19:07:11.756 INFO  c.k.katalon.core.main.TestCaseExecutor   - START Test Cases/prueba_1/añadir productos
2025-09-11 19:07:12.494 DEBUG testcase.añadir productos                - 1: openBrowser("")
2025-09-11 19:07:13.001 INFO  c.k.k.core.webui.driver.DriverFactory    - Starting 'Chrome' driver
2025-09-11 19:07:13.100 INFO  c.k.k.core.webui.driver.DriverFactory    - Action delay is set to 0 milliseconds
sep. 11, 2025 7:07:14 P. M. org.openqa.selenium.devtools.CdpVersionFinder findNearestMatch
ADVERTENCIA: Unable to find an exact match for CDP version 139, returning the closest version; found: 138; Please update to a Selenium version that supports CDP version 139
2025-09-11 19:07:15.880 INFO  c.k.k.core.webui.driver.DriverFactory    - sessionId = 4122251162e4fab73672ec193976e0ef
2025-09-11 19:07:15.880 INFO  c.k.k.core.webui.driver.DriverFactory    - browser = Chrome 139.0.7258.155
2025-09-11 19:07:15.880 INFO  c.k.k.core.webui.driver.DriverFactory    - platform = Windows 11
2025-09-11 19:07:15.886 INFO  c.k.k.core.webui.driver.DriverFactory    - seleniumVersion = 4.28.1
2025-09-11 19:07:15.900 INFO  c.k.k.core.webui.driver.DriverFactory    - proxyInformation = ProxyInformation { proxyOption=NO_PROXY, proxyServerType=HTTP, username=, password=********, proxyServerAddress=, proxyServerPort=0, executionList="", isApplyToDesiredCapabilities=true }
2025-09-11 19:07:15.963 DEBUG testcase.añadir productos                - 2: navigateToUrl("https://www.demoblaze.com/")
2025-09-11 19:07:16.920 DEBUG testcase.añadir productos                - 3: maximizeWindow()
2025-09-11 19:07:17.046 DEBUG testcase.añadir productos                - 4: waitForElementClickable(findTestObject("Object Repository/Page_STORE/a_CATEGORIES_hrefch"), 10)
2025-09-11 19:07:18.298 DEBUG testcase.añadir productos                - 5: click(findTestObject("Object Repository/Page_STORE/a_CATEGORIES_hrefch"))
2025-09-11 19:07:19.085 DEBUG testcase.añadir productos                - 6: waitForElementClickable(findTestObject("Object Repository/Page_STORE/a_Product description_btn btn-success btn-lg"), 10)
2025-09-11 19:07:19.846 DEBUG testcase.añadir productos                - 7: click(findTestObject("Object Repository/Page_STORE/a_Product description_btn btn-success btn-lg"))
2025-09-11 19:07:20.215 DEBUG testcase.añadir productos                - 8: waitForAlert(10)
2025-09-11 19:07:20.785 DEBUG testcase.añadir productos                - 9: acceptAlert()
2025-09-11 19:07:20.826 DEBUG testcase.añadir productos                - 10: waitForElementClickable(findTestObject("Object Repository/Page_STORE/a_Close_nava"), 10)
2025-09-11 19:07:21.118 DEBUG testcase.añadir productos                - 11: click(findTestObject("Object Repository/Page_STORE/a_Close_nava"))
2025-09-11 19:07:21.750 DEBUG testcase.añadir productos                - 12: waitForElementClickable(findTestObject("Object Repository/Page_STORE/a_360_hrefch"), 10)
2025-09-11 19:07:22.600 DEBUG testcase.añadir productos                - 13: click(findTestObject("Object Repository/Page_STORE/a_360_hrefch"))
2025-09-11 19:07:23.203 DEBUG testcase.añadir productos                - 14: waitForElementClickable(findTestObject("Object Repository/Page_STORE/a_Product description_btn btn-success btn-lg_1"), 10)
2025-09-11 19:07:23.912 DEBUG testcase.añadir productos                - 15: click(findTestObject("Object Repository/Page_STORE/a_Product description_btn btn-success btn-lg_1"))
2025-09-11 19:07:24.276 DEBUG testcase.añadir productos                - 16: waitForAlert(10)
2025-09-11 19:07:24.794 DEBUG testcase.añadir productos                - 17: acceptAlert()
2025-09-11 19:07:24.810 DEBUG testcase.añadir productos                - 18: waitForElementClickable(findTestObject("Object Repository/Page_STORE/a_Close_nava"), 10)
2025-09-11 19:07:25.085 DEBUG testcase.añadir productos                - 19: click(findTestObject("Object Repository/Page_STORE/a_Close_nava"))
2025-09-11 19:07:25.490 DEBUG testcase.añadir productos                - 20: waitForElementClickable(findTestObject("Object Repository/Page_STORE/a_(current)_cartur"), 10)
2025-09-11 19:07:26.218 DEBUG testcase.añadir productos                - 21: click(findTestObject("Object Repository/Page_STORE/a_(current)_cartur"))
2025-09-11 19:07:26.855 DEBUG testcase.añadir productos                - 22: waitForElementClickable(findTestObject("Object Repository/Page_STORE/button_Total_btn btn-success"), 10)
2025-09-11 19:07:28.097 DEBUG testcase.añadir productos                - 23: click(findTestObject("Object Repository/Page_STORE/button_Total_btn btn-success"))
2025-09-11 19:07:28.422 DEBUG testcase.añadir productos                - 24: waitForElementVisible(findTestObject("Object Repository/Page_STORE/input_Name_name"), 10)
2025-09-11 19:07:28.948 DEBUG testcase.añadir productos                - 25: setText(findTestObject("Object Repository/Page_STORE/input_Name_name"), "Luis Torres")
2025-09-11 19:07:29.577 DEBUG testcase.añadir productos                - 26: waitForElementVisible(findTestObject("Object Repository/Page_STORE/input_Country_country"), 10)
2025-09-11 19:07:29.817 DEBUG testcase.añadir productos                - 27: setText(findTestObject("Object Repository/Page_STORE/input_Country_country"), "Ecuador")
2025-09-11 19:07:30.394 DEBUG testcase.añadir productos                - 28: waitForElementVisible(findTestObject("Object Repository/Page_STORE/input_City_city"), 10)
2025-09-11 19:07:30.659 DEBUG testcase.añadir productos                - 29: setText(findTestObject("Object Repository/Page_STORE/input_City_city"), "Quito")
2025-09-11 19:07:31.271 DEBUG testcase.añadir productos                - 30: waitForElementVisible(findTestObject("Object Repository/Page_STORE/input_Credit card_card"), 10)
2025-09-11 19:07:31.517 DEBUG testcase.añadir productos                - 31: setText(findTestObject("Object Repository/Page_STORE/input_Credit card_card"), "1234567890")
2025-09-11 19:07:32.178 DEBUG testcase.añadir productos                - 32: waitForElementVisible(findTestObject("Object Repository/Page_STORE/input_Month_month"), 10)
2025-09-11 19:07:32.433 DEBUG testcase.añadir productos                - 33: setText(findTestObject("Object Repository/Page_STORE/input_Month_month"), "septiembre")
2025-09-11 19:07:33.081 DEBUG testcase.añadir productos                - 34: waitForElementVisible(findTestObject("Object Repository/Page_STORE/input_Year_year"), 10)
2025-09-11 19:07:33.341 DEBUG testcase.añadir productos                - 35: setText(findTestObject("Object Repository/Page_STORE/input_Year_year"), "2025")
2025-09-11 19:07:34.002 DEBUG testcase.añadir productos                - 36: waitForElementClickable(findTestObject("Object Repository/Page_STORE/button_Close_btn btn-primary"), 10)
2025-09-11 19:07:34.278 DEBUG testcase.añadir productos                - 37: click(findTestObject("Object Repository/Page_STORE/button_Close_btn btn-primary"))
2025-09-11 19:07:34.623 DEBUG testcase.añadir productos                - 38: waitForElementClickable(findTestObject("Object Repository/Page_STORE/button_Cancel_confirm btn btn-lg btn-primary"), 10)
2025-09-11 19:07:35.317 DEBUG testcase.añadir productos                - 39: click(findTestObject("Object Repository/Page_STORE/button_Cancel_confirm btn btn-lg btn-primary"))
2025-09-11 19:07:35.941 DEBUG testcase.añadir productos                - 40: closeBrowser()
2025-09-11 19:07:36.191 INFO  c.k.katalon.core.main.TestCaseExecutor   - END Test Cases/prueba_1/añadir productos
2025-09-11 19:07:36.245 INFO  c.k.katalon.core.main.TestSuiteExecutor  - --------------------
2025-09-11 19:07:36.245 INFO  c.k.katalon.core.main.TestSuiteExecutor  - END Test Suites/añadir productos
2025-09-11 19:07:36.245 INFO  c.k.katalon.core.main.TestSuiteExecutor  - ====================
